\BOOKMARK [0][-]{chapter*.1}{\376\377\000A\000c\000k\000n\000o\000w\000l\000e\000d\000g\000m\000e\000n\000t}{}% 1
\BOOKMARK [0][-]{chapter*.1}{\376\377\000L\000I\000S\000T\000\040\000O\000F\000\040\000F\000I\000G\000U\000R\000E\000S}{}% 2
\BOOKMARK [0][-]{chapter*.1}{\376\377\000L\000I\000S\000T\000\040\000O\000F\000\040\000T\000A\000B\000L\000E\000S}{}% 3
\BOOKMARK [0][-]{chapter*.2}{\376\377\000L\000i\000s\000t\000\040\000o\000f\000\040\000a\000b\000b\000r\000e\000v\000i\000a\000t\000i\000o\000n\000s}{}% 4
\BOOKMARK [0][-]{chapter.1}{\376\377\000I\000n\000t\000r\000o\000d\000u\000c\000t\000i\000o\000n}{}% 5
\BOOKMARK [1][-]{section.1.1}{\376\377\000B\000a\000c\000k\000g\000r\000o\000u\000n\000d}{chapter.1}% 6
\BOOKMARK [1][-]{section.1.2}{\376\377\000G\000a\000p\000\040\000I\000d\000e\000n\000t\000i\000f\000i\000c\000a\000t\000i\000o\000n}{chapter.1}% 7
\BOOKMARK [1][-]{section.1.3}{\376\377\000M\000o\000t\000i\000v\000a\000t\000i\000o\000n}{chapter.1}% 8
\BOOKMARK [1][-]{section.1.4}{\376\377\000O\000b\000j\000e\000c\000t\000i\000v\000e\000s}{chapter.1}% 9
\BOOKMARK [0][-]{chapter.2}{\376\377\000R\000e\000l\000a\000t\000e\000d\000\040\000T\000h\000e\000o\000r\000y}{}% 10
\BOOKMARK [1][-]{section.2.1}{\376\377\000R\000e\000l\000a\000t\000e\000d\000\040\000T\000h\000e\000o\000r\000y\000\040\000g\000o\000e\000s\000\040\000h\000e\000r\000e}{chapter.2}% 11
\BOOKMARK [0][-]{chapter.3}{\376\377\000L\000i\000t\000e\000r\000a\000t\000u\000r\000e\000\040\000R\000e\000v\000i\000e\000w}{}% 12
\BOOKMARK [0][-]{chapter.4}{\376\377\000M\000e\000t\000h\000o\000d\000o\000l\000o\000g\000y}{}% 13
\BOOKMARK [1][-]{section.4.1}{\376\377\000O\000v\000e\000r\000v\000i\000e\000w}{chapter.4}% 14
\BOOKMARK [1][-]{section.4.2}{\376\377\000R\000e\000q\000u\000i\000r\000e\000m\000e\000n\000t\000s\000\040\000G\000a\000t\000h\000e\000r\000i\000n\000g}{chapter.4}% 15
\BOOKMARK [1][-]{section.4.3}{\376\377\000S\000y\000s\000t\000e\000m\000\040\000D\000e\000s\000i\000g\000n}{chapter.4}% 16
\BOOKMARK [1][-]{section.4.4}{\376\377\000D\000e\000v\000e\000l\000o\000p\000m\000e\000n\000t}{chapter.4}% 17
\BOOKMARK [1][-]{section.4.5}{\376\377\000T\000e\000s\000t\000i\000n\000g}{chapter.4}% 18
\BOOKMARK [1][-]{section.4.6}{\376\377\000D\000e\000p\000l\000o\000y\000m\000e\000n\000t}{chapter.4}% 19
\BOOKMARK [1][-]{section.4.7}{\376\377\000M\000a\000i\000n\000t\000e\000n\000a\000n\000c\000e\000\040\000a\000n\000d\000\040\000U\000p\000d\000a\000t\000e\000s}{chapter.4}% 20
\BOOKMARK [1][-]{section.4.8}{\376\377\000D\000o\000c\000u\000m\000e\000n\000t\000a\000t\000i\000o\000n}{chapter.4}% 21
\BOOKMARK [0][-]{chapter.5}{\376\377\000E\000x\000p\000e\000c\000t\000e\000d\000\040\000R\000e\000s\000u\000l\000t\000s}{}% 22
\BOOKMARK [0][-]{chapter.5}{\376\377\000R\000e\000f\000e\000r\000e\000n\000c\000e\000s}{}% 23
\BOOKMARK [0][-]{chapter*.3}{\376\377\000A\000P\000P\000E\000N\000D\000I\000X}{}% 24
