This is pdfTeX, Version 3.141592653-2.6-1.40.26 (MiKTeX 24.4) (preloaded format=pdflatex 2024.12.25)  2 MAR 2025 01:27
entering extended mode
 restricted \write18 enabled.
 file:line:error style messages enabled.
 %&-line parsing enabled.
**"d:/College/sem-6/Minor project/Report/main.tex"
(d:/College/sem-6/Minor project/Report/main.tex
LaTeX2e <2024-11-01> patch level 1
L3 programming layer <2024-11-02>
(C:\Program Files\MiKTeX\tex/latex/base\report.cls
Document Class: report 2024/06/29 v1.4n Standard LaTeX document class
(C:\Program Files\MiKTeX\tex/latex/base\size12.clo
File: size12.clo 2024/06/29 v1.4n Standard LaTeX file (size option)
)
\c@part=\count196
\c@chapter=\count197
\c@section=\count198
\c@subsection=\count199
\c@subsubsection=\count266
\c@paragraph=\count267
\c@subparagraph=\count268
\c@figure=\count269
\c@table=\count270
\abovecaptionskip=\skip49
\belowcaptionskip=\skip50
\bibindent=\dimen141
) (C:\Program Files\MiKTeX\tex/latex/natbib\natbib.sty
Package: natbib 2010/09/13 8.31b (PWD, AO)
\bibhang=\skip51
\bibsep=\skip52
LaTeX Info: Redefining \cite on input line 694.
\c@NAT@ctr=\count271
) (C:\Program Files\MiKTeX\tex/latex/base\inputenc.sty
Package: inputenc 2024/02/08 v1.3d Input encoding file
\inpenc@prehook=\toks17
\inpenc@posthook=\toks18
) (C:\Program Files\MiKTeX\tex/latex/amsmath\amsmath.sty
Package: amsmath 2024/11/05 v2.17t AMS math features
\@mathmargin=\skip53

For additional information on amsmath, use the `?' option.
(C:\Program Files\MiKTeX\tex/latex/amsmath\amstext.sty
Package: amstext 2021/08/26 v2.01 AMS text
 (C:\Program Files\MiKTeX\tex/latex/amsmath\amsgen.sty
File: amsgen.sty 1999/11/30 v2.0 generic functions
\@emptytoks=\toks19
\ex@=\dimen142
)) (C:\Program Files\MiKTeX\tex/latex/amsmath\amsbsy.sty
Package: amsbsy 1999/11/29 v1.2d Bold Symbols
\pmbraise@=\dimen143
) (C:\Program Files\MiKTeX\tex/latex/amsmath\amsopn.sty
Package: amsopn 2022/04/08 v2.04 operator names
)
\inf@bad=\count272
LaTeX Info: Redefining \frac on input line 233.
\uproot@=\count273
\leftroot@=\count274
LaTeX Info: Redefining \overline on input line 398.
LaTeX Info: Redefining \colon on input line 409.
\classnum@=\count275
\DOTSCASE@=\count276
LaTeX Info: Redefining \ldots on input line 495.
LaTeX Info: Redefining \dots on input line 498.
LaTeX Info: Redefining \cdots on input line 619.
\Mathstrutbox@=\box52
\strutbox@=\box53
LaTeX Info: Redefining \big on input line 721.
LaTeX Info: Redefining \Big on input line 722.
LaTeX Info: Redefining \bigg on input line 723.
LaTeX Info: Redefining \Bigg on input line 724.
\big@size=\dimen144
LaTeX Font Info:    Redeclaring font encoding OML on input line 742.
LaTeX Font Info:    Redeclaring font encoding OMS on input line 743.
\macc@depth=\count277
LaTeX Info: Redefining \bmod on input line 904.
LaTeX Info: Redefining \pmod on input line 909.
LaTeX Info: Redefining \smash on input line 939.
LaTeX Info: Redefining \relbar on input line 969.
LaTeX Info: Redefining \Relbar on input line 970.
\c@MaxMatrixCols=\count278
\dotsspace@=\muskip17
\c@parentequation=\count279
\dspbrk@lvl=\count280
\tag@help=\toks20
\row@=\count281
\column@=\count282
\maxfields@=\count283
\andhelp@=\toks21
\eqnshift@=\dimen145
\alignsep@=\dimen146
\tagshift@=\dimen147
\tagwidth@=\dimen148
\totwidth@=\dimen149
\lineht@=\dimen150
\@envbody=\toks22
\multlinegap=\skip54
\multlinetaggap=\skip55
\mathdisplay@stack=\toks23
LaTeX Info: Redefining \[ on input line 2953.
LaTeX Info: Redefining \] on input line 2954.
) (C:\Program Files\MiKTeX\tex/latex/amsfonts\amsfonts.sty
Package: amsfonts 2013/01/14 v3.01 Basic AMSFonts support
\symAMSa=\mathgroup4
\symAMSb=\mathgroup5
LaTeX Font Info:    Redeclaring math symbol \hbar on input line 98.
LaTeX Font Info:    Overwriting math alphabet `\mathfrak' in version `bold'
(Font)                  U/euf/m/n --> U/euf/b/n on input line 106.
) (C:\Program Files\MiKTeX\tex/latex/amsfonts\amssymb.sty
Package: amssymb 2013/01/14 v3.01 AMS font symbols
) (C:\Program Files\MiKTeX\tex/latex/graphics\graphicx.sty
Package: graphicx 2021/09/16 v1.2d Enhanced LaTeX Graphics (DPC,SPQR)
 (C:\Program Files\MiKTeX\tex/latex/graphics\keyval.sty
Package: keyval 2022/05/29 v1.15 key=value parser (DPC)
\KV@toks@=\toks24
) (C:\Program Files\MiKTeX\tex/latex/graphics\graphics.sty
Package: graphics 2024/08/06 v1.4g Standard LaTeX Graphics (DPC,SPQR)
 (C:\Program Files\MiKTeX\tex/latex/graphics\trig.sty
Package: trig 2023/12/02 v1.11 sin cos tan (DPC)
) (C:\Program Files\MiKTeX\tex/latex/graphics-cfg\graphics.cfg
File: graphics.cfg 2016/06/04 v1.11 sample graphics configuration
)
Package graphics Info: Driver file: pdftex.def on input line 106.
 (C:\Program Files\MiKTeX\tex/latex/graphics-def\pdftex.def
File: pdftex.def 2024/04/13 v1.2c Graphics/color driver for pdftex
))
\Gin@req@height=\dimen151
\Gin@req@width=\dimen152
) (C:\Program Files\MiKTeX\tex/latex/pgf/frontendlayer\tikz.sty (C:\Program Files\MiKTeX\tex/latex/pgf/basiclayer\pgf.sty (C:\Program Files\MiKTeX\tex/latex/pgf/utilities\pgfrcs.sty (C:\Program Files\MiKTeX\tex/generic/pgf/utilities\pgfutil-common.tex
\pgfutil@everybye=\toks25
\pgfutil@tempdima=\dimen153
\pgfutil@tempdimb=\dimen154
) (C:\Program Files\MiKTeX\tex/generic/pgf/utilities\pgfutil-latex.def
\pgfutil@abb=\box54
) (C:\Program Files\MiKTeX\tex/generic/pgf/utilities\pgfrcs.code.tex (C:\Program Files\MiKTeX\tex/generic/pgf\pgf.revision.tex)
Package: pgfrcs 2023-01-15 v3.1.10 (3.1.10)
))
Package: pgf 2023-01-15 v3.1.10 (3.1.10)
 (C:\Program Files\MiKTeX\tex/latex/pgf/basiclayer\pgfcore.sty (C:\Program Files\MiKTeX\tex/latex/pgf/systemlayer\pgfsys.sty (C:\Program Files\MiKTeX\tex/generic/pgf/systemlayer\pgfsys.code.tex
Package: pgfsys 2023-01-15 v3.1.10 (3.1.10)
 (C:\Program Files\MiKTeX\tex/generic/pgf/utilities\pgfkeys.code.tex
\pgfkeys@pathtoks=\toks26
\pgfkeys@temptoks=\toks27
 (C:\Program Files\MiKTeX\tex/generic/pgf/utilities\pgfkeyslibraryfiltered.code.tex
\pgfkeys@tmptoks=\toks28
))
\pgf@x=\dimen155
\pgf@y=\dimen156
\pgf@xa=\dimen157
\pgf@ya=\dimen158
\pgf@xb=\dimen159
\pgf@yb=\dimen160
\pgf@xc=\dimen161
\pgf@yc=\dimen162
\pgf@xd=\dimen163
\pgf@yd=\dimen164
\w@pgf@writea=\write3
\r@pgf@reada=\read2
\c@pgf@counta=\count284
\c@pgf@countb=\count285
\c@pgf@countc=\count286
\c@pgf@countd=\count287
\t@pgf@toka=\toks29
\t@pgf@tokb=\toks30
\t@pgf@tokc=\toks31
\pgf@sys@id@count=\count288
 (C:\Program Files\MiKTeX\tex/generic/pgf/systemlayer\pgf.cfg
File: pgf.cfg 2023-01-15 v3.1.10 (3.1.10)
)
Driver file for pgf: pgfsys-pdftex.def
 (C:\Program Files\MiKTeX\tex/generic/pgf/systemlayer\pgfsys-pdftex.def
File: pgfsys-pdftex.def 2023-01-15 v3.1.10 (3.1.10)
 (C:\Program Files\MiKTeX\tex/generic/pgf/systemlayer\pgfsys-common-pdf.def
File: pgfsys-common-pdf.def 2023-01-15 v3.1.10 (3.1.10)
))) (C:\Program Files\MiKTeX\tex/generic/pgf/systemlayer\pgfsyssoftpath.code.tex
File: pgfsyssoftpath.code.tex 2023-01-15 v3.1.10 (3.1.10)
\pgfsyssoftpath@smallbuffer@items=\count289
\pgfsyssoftpath@bigbuffer@items=\count290
) (C:\Program Files\MiKTeX\tex/generic/pgf/systemlayer\pgfsysprotocol.code.tex
File: pgfsysprotocol.code.tex 2023-01-15 v3.1.10 (3.1.10)
)) (C:\Program Files\MiKTeX\tex/latex/xcolor\xcolor.sty
Package: xcolor 2024/09/29 v3.02 LaTeX color extensions (UK)
 (C:\Program Files\MiKTeX\tex/latex/graphics-cfg\color.cfg
File: color.cfg 2016/01/02 v1.6 sample color configuration
)
Package xcolor Info: Driver file: pdftex.def on input line 274.
 (C:\Program Files\MiKTeX\tex/latex/graphics\mathcolor.ltx)
Package xcolor Info: Model `cmy' substituted by `cmy0' on input line 1349.
Package xcolor Info: Model `hsb' substituted by `rgb' on input line 1353.
Package xcolor Info: Model `RGB' extended on input line 1365.
Package xcolor Info: Model `HTML' substituted by `rgb' on input line 1367.
Package xcolor Info: Model `Hsb' substituted by `hsb' on input line 1368.
Package xcolor Info: Model `tHsb' substituted by `hsb' on input line 1369.
Package xcolor Info: Model `HSB' substituted by `hsb' on input line 1370.
Package xcolor Info: Model `Gray' substituted by `gray' on input line 1371.
Package xcolor Info: Model `wave' substituted by `hsb' on input line 1372.
) (C:\Program Files\MiKTeX\tex/generic/pgf/basiclayer\pgfcore.code.tex
Package: pgfcore 2023-01-15 v3.1.10 (3.1.10)
 (C:\Program Files\MiKTeX\tex/generic/pgf/math\pgfmath.code.tex (C:\Program Files\MiKTeX\tex/generic/pgf/math\pgfmathutil.code.tex) (C:\Program Files\MiKTeX\tex/generic/pgf/math\pgfmathparser.code.tex
\pgfmath@dimen=\dimen165
\pgfmath@count=\count291
\pgfmath@box=\box55
\pgfmath@toks=\toks32
\pgfmath@stack@operand=\toks33
\pgfmath@stack@operation=\toks34
) (C:\Program Files\MiKTeX\tex/generic/pgf/math\pgfmathfunctions.code.tex) (C:\Program Files\MiKTeX\tex/generic/pgf/math\pgfmathfunctions.basic.code.tex) (C:\Program Files\MiKTeX\tex/generic/pgf/math\pgfmathfunctions.trigonometric.code.tex) (C:\Program Files\MiKTeX\tex/generic/pgf/math\pgfmathfunctions.random.code.tex) (C:\Program Files\MiKTeX\tex/generic/pgf/math\pgfmathfunctions.comparison.code.tex) (C:\Program Files\MiKTeX\tex/generic/pgf/math\pgfmathfunctions.base.code.tex) (C:\Program Files\MiKTeX\tex/generic/pgf/math\pgfmathfunctions.round.code.tex) (C:\Program Files\MiKTeX\tex/generic/pgf/math\pgfmathfunctions.misc.code.tex) (C:\Program Files\MiKTeX\tex/generic/pgf/math\pgfmathfunctions.integerarithmetics.code.tex) (C:\Program Files\MiKTeX\tex/generic/pgf/math\pgfmathcalc.code.tex) (C:\Program Files\MiKTeX\tex/generic/pgf/math\pgfmathfloat.code.tex
\c@pgfmathroundto@lastzeros=\count292
)) (C:\Program Files\MiKTeX\tex/generic/pgf/math\pgfint.code.tex) (C:\Program Files\MiKTeX\tex/generic/pgf/basiclayer\pgfcorepoints.code.tex
File: pgfcorepoints.code.tex 2023-01-15 v3.1.10 (3.1.10)
\pgf@picminx=\dimen166
\pgf@picmaxx=\dimen167
\pgf@picminy=\dimen168
\pgf@picmaxy=\dimen169
\pgf@pathminx=\dimen170
\pgf@pathmaxx=\dimen171
\pgf@pathminy=\dimen172
\pgf@pathmaxy=\dimen173
\pgf@xx=\dimen174
\pgf@xy=\dimen175
\pgf@yx=\dimen176
\pgf@yy=\dimen177
\pgf@zx=\dimen178
\pgf@zy=\dimen179
) (C:\Program Files\MiKTeX\tex/generic/pgf/basiclayer\pgfcorepathconstruct.code.tex
File: pgfcorepathconstruct.code.tex 2023-01-15 v3.1.10 (3.1.10)
\pgf@path@lastx=\dimen180
\pgf@path@lasty=\dimen181
) (C:\Program Files\MiKTeX\tex/generic/pgf/basiclayer\pgfcorepathusage.code.tex
File: pgfcorepathusage.code.tex 2023-01-15 v3.1.10 (3.1.10)
\pgf@shorten@end@additional=\dimen182
\pgf@shorten@start@additional=\dimen183
) (C:\Program Files\MiKTeX\tex/generic/pgf/basiclayer\pgfcorescopes.code.tex
File: pgfcorescopes.code.tex 2023-01-15 v3.1.10 (3.1.10)
\pgfpic=\box56
\pgf@hbox=\box57
\pgf@layerbox@main=\box58
\pgf@picture@serial@count=\count293
) (C:\Program Files\MiKTeX\tex/generic/pgf/basiclayer\pgfcoregraphicstate.code.tex
File: pgfcoregraphicstate.code.tex 2023-01-15 v3.1.10 (3.1.10)
\pgflinewidth=\dimen184
) (C:\Program Files\MiKTeX\tex/generic/pgf/basiclayer\pgfcoretransformations.code.tex
File: pgfcoretransformations.code.tex 2023-01-15 v3.1.10 (3.1.10)
\pgf@pt@x=\dimen185
\pgf@pt@y=\dimen186
\pgf@pt@temp=\dimen187
) (C:\Program Files\MiKTeX\tex/generic/pgf/basiclayer\pgfcorequick.code.tex
File: pgfcorequick.code.tex 2023-01-15 v3.1.10 (3.1.10)
) (C:\Program Files\MiKTeX\tex/generic/pgf/basiclayer\pgfcoreobjects.code.tex
File: pgfcoreobjects.code.tex 2023-01-15 v3.1.10 (3.1.10)
) (C:\Program Files\MiKTeX\tex/generic/pgf/basiclayer\pgfcorepathprocessing.code.tex
File: pgfcorepathprocessing.code.tex 2023-01-15 v3.1.10 (3.1.10)
) (C:\Program Files\MiKTeX\tex/generic/pgf/basiclayer\pgfcorearrows.code.tex
File: pgfcorearrows.code.tex 2023-01-15 v3.1.10 (3.1.10)
\pgfarrowsep=\dimen188
) (C:\Program Files\MiKTeX\tex/generic/pgf/basiclayer\pgfcoreshade.code.tex
File: pgfcoreshade.code.tex 2023-01-15 v3.1.10 (3.1.10)
\pgf@max=\dimen189
\pgf@sys@shading@range@num=\count294
\pgf@shadingcount=\count295
) (C:\Program Files\MiKTeX\tex/generic/pgf/basiclayer\pgfcoreimage.code.tex
File: pgfcoreimage.code.tex 2023-01-15 v3.1.10 (3.1.10)
) (C:\Program Files\MiKTeX\tex/generic/pgf/basiclayer\pgfcoreexternal.code.tex
File: pgfcoreexternal.code.tex 2023-01-15 v3.1.10 (3.1.10)
\pgfexternal@startupbox=\box59
) (C:\Program Files\MiKTeX\tex/generic/pgf/basiclayer\pgfcorelayers.code.tex
File: pgfcorelayers.code.tex 2023-01-15 v3.1.10 (3.1.10)
) (C:\Program Files\MiKTeX\tex/generic/pgf/basiclayer\pgfcoretransparency.code.tex
File: pgfcoretransparency.code.tex 2023-01-15 v3.1.10 (3.1.10)
) (C:\Program Files\MiKTeX\tex/generic/pgf/basiclayer\pgfcorepatterns.code.tex
File: pgfcorepatterns.code.tex 2023-01-15 v3.1.10 (3.1.10)
) (C:\Program Files\MiKTeX\tex/generic/pgf/basiclayer\pgfcorerdf.code.tex
File: pgfcorerdf.code.tex 2023-01-15 v3.1.10 (3.1.10)
))) (C:\Program Files\MiKTeX\tex/generic/pgf/modules\pgfmoduleshapes.code.tex
File: pgfmoduleshapes.code.tex 2023-01-15 v3.1.10 (3.1.10)
\pgfnodeparttextbox=\box60
) (C:\Program Files\MiKTeX\tex/generic/pgf/modules\pgfmoduleplot.code.tex
File: pgfmoduleplot.code.tex 2023-01-15 v3.1.10 (3.1.10)
) (C:\Program Files\MiKTeX\tex/latex/pgf/compatibility\pgfcomp-version-0-65.sty
Package: pgfcomp-version-0-65 2023-01-15 v3.1.10 (3.1.10)
\pgf@nodesepstart=\dimen190
\pgf@nodesepend=\dimen191
) (C:\Program Files\MiKTeX\tex/latex/pgf/compatibility\pgfcomp-version-1-18.sty
Package: pgfcomp-version-1-18 2023-01-15 v3.1.10 (3.1.10)
)) (C:\Program Files\MiKTeX\tex/latex/pgf/utilities\pgffor.sty (C:\Program Files\MiKTeX\tex/latex/pgf/utilities\pgfkeys.sty (C:\Program Files\MiKTeX\tex/generic/pgf/utilities\pgfkeys.code.tex)) (C:\Program Files\MiKTeX\tex/latex/pgf/math\pgfmath.sty (C:\Program Files\MiKTeX\tex/generic/pgf/math\pgfmath.code.tex)) (C:\Program Files\MiKTeX\tex/generic/pgf/utilities\pgffor.code.tex
Package: pgffor 2023-01-15 v3.1.10 (3.1.10)
\pgffor@iter=\dimen192
\pgffor@skip=\dimen193
\pgffor@stack=\toks35
\pgffor@toks=\toks36
)) (C:\Program Files\MiKTeX\tex/generic/pgf/frontendlayer/tikz\tikz.code.tex
Package: tikz 2023-01-15 v3.1.10 (3.1.10)
 (C:\Program Files\MiKTeX\tex/generic/pgf/libraries\pgflibraryplothandlers.code.tex
File: pgflibraryplothandlers.code.tex 2023-01-15 v3.1.10 (3.1.10)
\pgf@plot@mark@count=\count296
\pgfplotmarksize=\dimen194
)
\tikz@lastx=\dimen195
\tikz@lasty=\dimen196
\tikz@lastxsaved=\dimen197
\tikz@lastysaved=\dimen198
\tikz@lastmovetox=\dimen199
\tikz@lastmovetoy=\dimen256
\tikzleveldistance=\dimen257
\tikzsiblingdistance=\dimen258
\tikz@figbox=\box61
\tikz@figbox@bg=\box62
\tikz@tempbox=\box63
\tikz@tempbox@bg=\box64
\tikztreelevel=\count297
\tikznumberofchildren=\count298
\tikznumberofcurrentchild=\count299
\tikz@fig@count=\count300
 (C:\Program Files\MiKTeX\tex/generic/pgf/modules\pgfmodulematrix.code.tex
File: pgfmodulematrix.code.tex 2023-01-15 v3.1.10 (3.1.10)
\pgfmatrixcurrentrow=\count301
\pgfmatrixcurrentcolumn=\count302
\pgf@matrix@numberofcolumns=\count303
)
\tikz@expandcount=\count304
 (C:\Program Files\MiKTeX\tex/generic/pgf/frontendlayer/tikz/libraries\tikzlibrarytopaths.code.tex
File: tikzlibrarytopaths.code.tex 2023-01-15 v3.1.10 (3.1.10)
))) (C:\Program Files\MiKTeX\tex/latex/float\float.sty
Package: float 2001/11/08 v1.3d Float enhancements (AL)
\c@float@type=\count305
\float@exts=\toks37
\float@box=\box65
\@float@everytoks=\toks38
\@floatcapt=\box66
) (C:\Program Files\MiKTeX\tex/latex/placeins\placeins.sty
Package: placeins 2005/04/18  v 2.2
) (C:\Program Files\MiKTeX\tex/latex/url\url.sty
\Urlmuskip=\muskip18
Package: url 2013/09/16  ver 3.4  Verb mode for urls, etc.
) (C:\Program Files\MiKTeX\tex/latex/caption\caption.sty
Package: caption 2023/08/05 v3.6o Customizing captions (AR)
 (C:\Program Files\MiKTeX\tex/latex/caption\caption3.sty
Package: caption3 2023/07/31 v2.4d caption3 kernel (AR)
\caption@tempdima=\dimen259
\captionmargin=\dimen260
\caption@leftmargin=\dimen261
\caption@rightmargin=\dimen262
\caption@width=\dimen263
\caption@indent=\dimen264
\caption@parindent=\dimen265
\caption@hangindent=\dimen266
Package caption Info: Standard document class detected.
)
\c@caption@flags=\count306
\c@continuedfloat=\count307
Package caption Info: float package is loaded.
) (C:\Program Files\MiKTeX\tex/latex/setspace\setspace.sty
Package: setspace 2022/12/04 v6.7b set line spacing
) (C:\Program Files\MiKTeX\tex/latex/tocloft\tocloft.sty
Package: tocloft 2017/08/31 v2.3i parameterised ToC, etc., typesetting
Package tocloft Info: The document has chapter divisions on input line 51.
\cftparskip=\skip56
\cftbeforetoctitleskip=\skip57
\cftaftertoctitleskip=\skip58
\cftbeforepartskip=\skip59
\cftpartnumwidth=\skip60
\cftpartindent=\skip61
\cftbeforechapskip=\skip62
\cftchapindent=\skip63
\cftchapnumwidth=\skip64
\cftbeforesecskip=\skip65
\cftsecindent=\skip66
\cftsecnumwidth=\skip67
\cftbeforesubsecskip=\skip68
\cftsubsecindent=\skip69
\cftsubsecnumwidth=\skip70
\cftbeforesubsubsecskip=\skip71
\cftsubsubsecindent=\skip72
\cftsubsubsecnumwidth=\skip73
\cftbeforeparaskip=\skip74
\cftparaindent=\skip75
\cftparanumwidth=\skip76
\cftbeforesubparaskip=\skip77
\cftsubparaindent=\skip78
\cftsubparanumwidth=\skip79
\cftbeforeloftitleskip=\skip80
\cftafterloftitleskip=\skip81
\cftbeforefigskip=\skip82
\cftfigindent=\skip83
\cftfignumwidth=\skip84
\c@lofdepth=\count308
\c@lotdepth=\count309
\cftbeforelottitleskip=\skip85
\cftafterlottitleskip=\skip86
\cftbeforetabskip=\skip87
\cfttabindent=\skip88
\cfttabnumwidth=\skip89
) (C:\Program Files\MiKTeX\tex/latex/psnfss\times.sty
Package: times 2020/03/25 PSNFSS-v9.3 (SPQR) 
) (C:\Program Files\MiKTeX\tex/latex/psnfss\mathptmx.sty
Package: mathptmx 2020/03/25 PSNFSS-v9.3 Times w/ Math, improved (SPQR, WaS) 
LaTeX Font Info:    Redeclaring symbol font `operators' on input line 28.
LaTeX Font Info:    Overwriting symbol font `operators' in version `normal'
(Font)                  OT1/cmr/m/n --> OT1/ztmcm/m/n on input line 28.
LaTeX Font Info:    Overwriting symbol font `operators' in version `bold'
(Font)                  OT1/cmr/bx/n --> OT1/ztmcm/m/n on input line 28.
LaTeX Font Info:    Redeclaring symbol font `letters' on input line 29.
LaTeX Font Info:    Overwriting symbol font `letters' in version `normal'
(Font)                  OML/cmm/m/it --> OML/ztmcm/m/it on input line 29.
LaTeX Font Info:    Overwriting symbol font `letters' in version `bold'
(Font)                  OML/cmm/b/it --> OML/ztmcm/m/it on input line 29.
LaTeX Font Info:    Redeclaring symbol font `symbols' on input line 30.
LaTeX Font Info:    Overwriting symbol font `symbols' in version `normal'
(Font)                  OMS/cmsy/m/n --> OMS/ztmcm/m/n on input line 30.
LaTeX Font Info:    Overwriting symbol font `symbols' in version `bold'
(Font)                  OMS/cmsy/b/n --> OMS/ztmcm/m/n on input line 30.
LaTeX Font Info:    Redeclaring symbol font `largesymbols' on input line 31.
LaTeX Font Info:    Overwriting symbol font `largesymbols' in version `normal'
(Font)                  OMX/cmex/m/n --> OMX/ztmcm/m/n on input line 31.
LaTeX Font Info:    Overwriting symbol font `largesymbols' in version `bold'
(Font)                  OMX/cmex/m/n --> OMX/ztmcm/m/n on input line 31.
\symbold=\mathgroup6
\symitalic=\mathgroup7
LaTeX Font Info:    Redeclaring math alphabet \mathbf on input line 34.
LaTeX Font Info:    Overwriting math alphabet `\mathbf' in version `normal'
(Font)                  OT1/cmr/bx/n --> OT1/ptm/bx/n on input line 34.
LaTeX Font Info:    Overwriting math alphabet `\mathbf' in version `bold'
(Font)                  OT1/cmr/bx/n --> OT1/ptm/bx/n on input line 34.
LaTeX Font Info:    Redeclaring math alphabet \mathit on input line 35.
LaTeX Font Info:    Overwriting math alphabet `\mathit' in version `normal'
(Font)                  OT1/cmr/m/it --> OT1/ptm/m/it on input line 35.
LaTeX Font Info:    Overwriting math alphabet `\mathit' in version `bold'
(Font)                  OT1/cmr/bx/it --> OT1/ptm/m/it on input line 35.
LaTeX Info: Redefining \hbar on input line 50.
) (C:\Program Files\MiKTeX\tex/latex/geometry\geometry.sty
Package: geometry 2020/01/02 v5.9 Page Geometry
 (C:\Program Files\MiKTeX\tex/generic/iftex\ifvtex.sty
Package: ifvtex 2019/10/25 v1.7 ifvtex legacy package. Use iftex instead.
 (C:\Program Files\MiKTeX\tex/generic/iftex\iftex.sty
Package: iftex 2024/12/12 v1.0g TeX engine tests
))
\Gm@cnth=\count310
\Gm@cntv=\count311
\c@Gm@tempcnt=\count312
\Gm@bindingoffset=\dimen267
\Gm@wd@mp=\dimen268
\Gm@odd@mp=\dimen269
\Gm@even@mp=\dimen270
\Gm@layoutwidth=\dimen271
\Gm@layoutheight=\dimen272
\Gm@layouthoffset=\dimen273
\Gm@layoutvoffset=\dimen274
\Gm@dimlist=\toks39
 (C:\Program Files\MiKTeX\tex/latex/geometry\geometry.cfg)) (C:\Program Files\MiKTeX\tex/latex/parskip\parskip.sty
Package: parskip 2021-03-14 v2.0h non-zero parskip adjustments
 (C:\Program Files\MiKTeX\tex/latex/kvoptions\kvoptions.sty
Package: kvoptions 2022-06-15 v3.15 Key value format for package options (HO)
 (C:\Program Files\MiKTeX\tex/generic/ltxcmds\ltxcmds.sty
Package: ltxcmds 2023-12-04 v1.26 LaTeX kernel commands for general use (HO)
) (C:\Program Files\MiKTeX\tex/latex/kvsetkeys\kvsetkeys.sty
Package: kvsetkeys 2022-10-05 v1.19 Key value parser (HO)
)) (C:\Program Files\MiKTeX\tex/latex/etoolbox\etoolbox.sty
Package: etoolbox 2020/10/05 v2.5k e-TeX tools for LaTeX (JAW)
\etb@tempcnta=\count313
)) (C:\Program Files\MiKTeX\tex/latex/titlesec\titlesec.sty
Package: titlesec 2023/10/27 v2.16 Sectioning titles
\ttl@box=\box67
\beforetitleunit=\skip90
\aftertitleunit=\skip91
\ttl@plus=\dimen275
\ttl@minus=\dimen276
\ttl@toksa=\toks40
\titlewidth=\dimen277
\titlewidthlast=\dimen278
\titlewidthfirst=\dimen279
) (C:\Program Files\MiKTeX\tex/latex/hyperref\hyperref.sty
Package: hyperref 2024-11-05 v7.01l Hypertext links for LaTeX
 (C:\Program Files\MiKTeX\tex/generic/kvdefinekeys\kvdefinekeys.sty
Package: kvdefinekeys 2019-12-19 v1.6 Define keys (HO)
) (C:\Program Files\MiKTeX\tex/generic/pdfescape\pdfescape.sty
Package: pdfescape 2019/12/09 v1.15 Implements pdfTeX's escape features (HO)
 (C:\Program Files\MiKTeX\tex/generic/pdftexcmds\pdftexcmds.sty
Package: pdftexcmds 2020-06-27 v0.33 Utility functions of pdfTeX for LuaTeX (HO)
 (C:\Program Files\MiKTeX\tex/generic/infwarerr\infwarerr.sty
Package: infwarerr 2019/12/03 v1.5 Providing info/warning/error messages (HO)
)
Package pdftexcmds Info: \pdf@primitive is available.
Package pdftexcmds Info: \pdf@ifprimitive is available.
Package pdftexcmds Info: \pdfdraftmode found.
)) (C:\Program Files\MiKTeX\tex/latex/hycolor\hycolor.sty
Package: hycolor 2020-01-27 v1.10 Color options for hyperref/bookmark (HO)
) (C:\Program Files\MiKTeX\tex/latex/hyperref\nameref.sty
Package: nameref 2023-11-26 v2.56 Cross-referencing by name of section
 (C:\Program Files\MiKTeX\tex/latex/refcount\refcount.sty
Package: refcount 2019/12/15 v3.6 Data extraction from label references (HO)
) (C:\Program Files\MiKTeX\tex/generic/gettitlestring\gettitlestring.sty
Package: gettitlestring 2019/12/15 v1.6 Cleanup title references (HO)
)
\c@section@level=\count314
) (C:\Program Files\MiKTeX\tex/generic/stringenc\stringenc.sty
Package: stringenc 2019/11/29 v1.12 Convert strings between diff. encodings (HO)
)
\@linkdim=\dimen280
\Hy@linkcounter=\count315
\Hy@pagecounter=\count316
 (C:\Program Files\MiKTeX\tex/latex/hyperref\pd1enc.def
File: pd1enc.def 2024-11-05 v7.01l Hyperref: PDFDocEncoding definition (HO)
Now handling font encoding PD1 ...
... no UTF-8 mapping file for font encoding PD1
) (C:\Program Files\MiKTeX\tex/generic/intcalc\intcalc.sty
Package: intcalc 2019/12/15 v1.3 Expandable calculations with integers (HO)
)
\Hy@SavedSpaceFactor=\count317
 (C:\Program Files\MiKTeX\tex/latex/hyperref\puenc.def
File: puenc.def 2024-11-05 v7.01l Hyperref: PDF Unicode definition (HO)
Now handling font encoding PU ...
... no UTF-8 mapping file for font encoding PU
)
Package hyperref Info: Option `colorlinks' set `true' on input line 4040.
Package hyperref Info: Option `bookmarks' set `true' on input line 4040.
Package hyperref Info: Option `bookmarksopen' set `true' on input line 4040.
Package hyperref Info: Option `bookmarksnumbered' set `true' on input line 4040.
Package hyperref Info: Option `breaklinks' set `true' on input line 4040.
Package hyperref Info: Hyper figures OFF on input line 4157.
Package hyperref Info: Link nesting OFF on input line 4162.
Package hyperref Info: Hyper index ON on input line 4165.
Package hyperref Info: Plain pages OFF on input line 4172.
Package hyperref Info: Backreferencing OFF on input line 4177.
Package hyperref Info: Implicit mode ON; LaTeX internals redefined.
Package hyperref Info: Bookmarks ON on input line 4424.
\c@Hy@tempcnt=\count318
LaTeX Info: Redefining \url on input line 4763.
\XeTeXLinkMargin=\dimen281
 (C:\Program Files\MiKTeX\tex/generic/bitset\bitset.sty
Package: bitset 2019/12/09 v1.3 Handle bit-vector datatype (HO)
 (C:\Program Files\MiKTeX\tex/generic/bigintcalc\bigintcalc.sty
Package: bigintcalc 2019/12/15 v1.5 Expandable calculations on big integers (HO)
))
\Fld@menulength=\count319
\Field@Width=\dimen282
\Fld@charsize=\dimen283
Package hyperref Info: Hyper figures OFF on input line 6042.
Package hyperref Info: Link nesting OFF on input line 6047.
Package hyperref Info: Hyper index ON on input line 6050.
Package hyperref Info: backreferencing OFF on input line 6057.
Package hyperref Info: Link coloring ON on input line 6060.
Package hyperref Info: Link coloring with OCG OFF on input line 6067.
Package hyperref Info: PDF/A mode OFF on input line 6072.
 (C:\Program Files\MiKTeX\tex/latex/base\atbegshi-ltx.sty
Package: atbegshi-ltx 2021/01/10 v1.0c Emulation of the original atbegshi
package with kernel methods
)
\Hy@abspage=\count320
\c@Item=\count321
\c@Hfootnote=\count322
)
Package hyperref Info: Driver: hpdftex.
 (C:\Program Files\MiKTeX\tex/latex/hyperref\hpdftex.def
File: hpdftex.def 2024-11-05 v7.01l Hyperref driver for pdfTeX
 (C:\Program Files\MiKTeX\tex/latex/base\atveryend-ltx.sty
Package: atveryend-ltx 2020/08/19 v1.0a Emulation of the original atveryend package
with kernel methods
)
\Fld@listcount=\count323
\c@bookmark@seq@number=\count324
 (C:\Program Files\MiKTeX\tex/latex/rerunfilecheck\rerunfilecheck.sty
Package: rerunfilecheck 2022-07-10 v1.10 Rerun checks for auxiliary files (HO)
 (C:\Program Files\MiKTeX\tex/generic/uniquecounter\uniquecounter.sty
Package: uniquecounter 2019/12/15 v1.4 Provide unlimited unique counter (HO)
)
Package uniquecounter Info: New unique counter `rerunfilecheck' on input line 285.
)
\Hy@SectionHShift=\skip92
)
LaTeX Font Info:    Trying to load font information for OT1+ptm on input line 100.
 (C:\Program Files\MiKTeX\tex/latex/psnfss\ot1ptm.fd
File: ot1ptm.fd 2001/06/04 font definitions for OT1/ptm.
) (C:\Program Files\MiKTeX\tex/latex/l3backend\l3backend-pdftex.def
File: l3backend-pdftex.def 2024-05-08 L3 backend support: PDF output (pdfTeX)
\l__color_backend_stack_int=\count325
\l__pdf_internal_box=\box68
) (main.aux (CoverPage.aux) (Acknowledgement.aux) (Abstract.aux) (ListofAbbreviations.aux) (Introduction.aux) (RelatedTheory.aux) (LiteratureReview.aux) (Methodology.aux) (SystemDesign.aux) (TechnologiesUsed.aux) (Output.aux) (Conclusion.aux) (References.aux))
\openout1 = `main.aux'.

LaTeX Font Info:    Checking defaults for OML/cmm/m/it on input line 100.
LaTeX Font Info:    ... okay on input line 100.
LaTeX Font Info:    Checking defaults for OMS/cmsy/m/n on input line 100.
LaTeX Font Info:    ... okay on input line 100.
LaTeX Font Info:    Checking defaults for OT1/cmr/m/n on input line 100.
LaTeX Font Info:    ... okay on input line 100.
LaTeX Font Info:    Checking defaults for T1/cmr/m/n on input line 100.
LaTeX Font Info:    ... okay on input line 100.
LaTeX Font Info:    Checking defaults for TS1/cmr/m/n on input line 100.
LaTeX Font Info:    ... okay on input line 100.
LaTeX Font Info:    Checking defaults for OMX/cmex/m/n on input line 100.
LaTeX Font Info:    ... okay on input line 100.
LaTeX Font Info:    Checking defaults for U/cmr/m/n on input line 100.
LaTeX Font Info:    ... okay on input line 100.
LaTeX Font Info:    Checking defaults for PD1/pdf/m/n on input line 100.
LaTeX Font Info:    ... okay on input line 100.
LaTeX Font Info:    Checking defaults for PU/pdf/m/n on input line 100.
LaTeX Font Info:    ... okay on input line 100.
 (C:\Program Files\MiKTeX\tex/context/base/mkii\supp-pdf.mkii
[Loading MPS to PDF converter (version 2006.09.02).]
\scratchcounter=\count326
\scratchdimen=\dimen284
\scratchbox=\box69
\nofMPsegments=\count327
\nofMParguments=\count328
\everyMPshowfont=\toks41
\MPscratchCnt=\count329
\MPscratchDim=\dimen285
\MPnumerator=\count330
\makeMPintoPDFobject=\count331
\everyMPtoPDFconversion=\toks42
) (C:\Program Files\MiKTeX\tex/latex/epstopdf-pkg\epstopdf-base.sty
Package: epstopdf-base 2020-01-24 v2.11 Base part for package epstopdf
Package epstopdf-base Info: Redefining graphics rule for `.eps' on input line 485.
 (C:\Program Files\MiKTeX\tex/latex/00miktex\epstopdf-sys.cfg
File: epstopdf-sys.cfg 2021/03/18 v2.0 Configuration of epstopdf for MiKTeX
))
Package caption Info: Begin \AtBeginDocument code.
Package caption Info: hyperref package is loaded.
Package caption Info: End \AtBeginDocument code.

*geometry* driver: auto-detecting
*geometry* detected driver: pdftex
*geometry* verbose mode - [ preamble ] result:
* driver: pdftex
* paper: a4paper
* layout: <same size as paper>
* layoutoffset:(h,v)=(0.0pt,0.0pt)
* modes: 
* h-part:(L,W,R)=(108.40492pt, 416.83315pt, 72.2698pt)
* v-part:(T,H,B)=(72.2698pt, 700.50723pt, 72.2698pt)
* \paperwidth=597.50787pt
* \paperheight=845.04684pt
* \textwidth=416.83315pt
* \textheight=700.50723pt
* \oddsidemargin=36.13493pt
* \evensidemargin=36.13493pt
* \topmargin=-37.00018pt
* \headheight=12.0pt
* \headsep=25.0pt
* \topskip=12.0pt
* \footskip=30.0pt
* \marginparwidth=44.0pt
* \marginparsep=10.0pt
* \columnsep=10.0pt
* \skip\footins=10.8pt plus 4.0pt minus 2.0pt
* \hoffset=0.0pt
* \voffset=0.0pt
* \mag=1000
* \@twocolumnfalse
* \@twosidefalse
* \@mparswitchfalse
* \@reversemarginfalse
* (1in=72.27pt=25.4mm, 1cm=28.453pt)

Package hyperref Info: Link coloring ON on input line 100.
(main.out) (main.out)
\@outlinefile=\write4
\openout4 = `main.out'.

\openout2 = `CoverPage.aux'.

 (CoverPage.tex
<Graphics/TULogo.png, id=288, 394.47375pt x 468.75125pt>
File: Graphics/TULogo.png Graphic file (type png)
<use Graphics/TULogo.png>
Package pdftex.def Info: Graphics/TULogo.png  used on input line 5.
(pdftex.def)             Requested size: 83.36536pt x 99.06293pt.


[1


{C:/Users/visio/AppData/Local/MiKTeX/fonts/map/pdftex/pdftex.map}{C:/Program Files/MiKTeX/fonts/enc/dvips/base/8r.enc} <./Graphics/TULogo.png>])
\openout2 = `Acknowledgement.aux'.

 (Acknowledgement.tex)


pdfTeX warning (ext4): destination with the same identifier (name{page.i}) has been already used, duplicate ignored
<to be read again> 
                   \relax 
l.108 \include{Acknowledgement}
                                [1




]
\openout2 = `Abstract.aux'.


No file Abstract.tex.
(main.toc
LaTeX Font Info:    Trying to load font information for OT1+ztmcm on input line 1.
 (C:\Program Files\MiKTeX\tex/latex/psnfss\ot1ztmcm.fd
File: ot1ztmcm.fd 2000/01/03 Fontinst v1.801 font definitions for OT1/ztmcm.
)
LaTeX Font Info:    Trying to load font information for OML+ztmcm on input line 1.
 (C:\Program Files\MiKTeX\tex/latex/psnfss\omlztmcm.fd
File: omlztmcm.fd 2000/01/03 Fontinst v1.801 font definitions for OML/ztmcm.
)
LaTeX Font Info:    Trying to load font information for OMS+ztmcm on input line 1.
 (C:\Program Files\MiKTeX\tex/latex/psnfss\omsztmcm.fd
File: omsztmcm.fd 2000/01/03 Fontinst v1.801 font definitions for OMS/ztmcm.
)
LaTeX Font Info:    Trying to load font information for OMX+ztmcm on input line 1.
 (C:\Program Files\MiKTeX\tex/latex/psnfss\omxztmcm.fd
File: omxztmcm.fd 2000/01/03 Fontinst v1.801 font definitions for OMX/ztmcm.
)
LaTeX Font Info:    Font shape `OT1/ptm/bx/n' in size <12> not available
(Font)              Font shape `OT1/ptm/b/n' tried instead on input line 1.
LaTeX Font Info:    Font shape `OT1/ptm/bx/n' in size <9> not available
(Font)              Font shape `OT1/ptm/b/n' tried instead on input line 1.
LaTeX Font Info:    Font shape `OT1/ptm/bx/n' in size <7> not available
(Font)              Font shape `OT1/ptm/b/n' tried instead on input line 1.


[2





]

[3]

[4])
\tf@toc=\write5
\openout5 = `main.toc'.



[5] (main.lof
Overfull \hbox (24.92284pt too wide) detected at line 3
\OT1/ptm/m/n/12 Figure 2.1: 
 []


Overfull \hbox (24.92284pt too wide) detected at line 7
\OT1/ptm/m/n/12 Figure 5.1: 
 []


Overfull \hbox (24.92284pt too wide) detected at line 8
\OT1/ptm/m/n/12 Figure 5.2: 
 []


Overfull \hbox (24.92284pt too wide) detected at line 9
\OT1/ptm/m/n/12 Figure 5.3: 
 []


Overfull \hbox (24.92284pt too wide) detected at line 10
\OT1/ptm/m/n/12 Figure 5.4: 
 []


Overfull \hbox (24.92284pt too wide) detected at line 11
\OT1/ptm/m/n/12 Figure 5.5: 
 []


Overfull \hbox (24.92284pt too wide) detected at line 12
\OT1/ptm/m/n/12 Figure 5.6: 
 []


Overfull \hbox (24.92284pt too wide) detected at line 13
\OT1/ptm/m/n/12 Figure 5.7: 
 []


Overfull \hbox (24.92284pt too wide) detected at line 14
\OT1/ptm/m/n/12 Figure 5.8: 
 []


Overfull \hbox (24.92284pt too wide) detected at line 15
\OT1/ptm/m/n/12 Figure 5.9: 
 []


Overfull \hbox (24.92284pt too wide) detected at line 18
\OT1/ptm/m/n/12 Figure 7.1: 
 []


Overfull \hbox (24.92284pt too wide) detected at line 19
\OT1/ptm/m/n/12 Figure 7.2: 
 []


Overfull \hbox (24.92284pt too wide) detected at line 20
\OT1/ptm/m/n/12 Figure 7.3: 
 []


Overfull \hbox (24.92284pt too wide) detected at line 21
\OT1/ptm/m/n/12 Figure 7.4: 
 []


Overfull \hbox (24.92284pt too wide) detected at line 22
\OT1/ptm/m/n/12 Figure 7.5: 
 []


Overfull \hbox (24.92284pt too wide) detected at line 23
\OT1/ptm/m/n/12 Figure 7.6: 
 []


Overfull \hbox (24.92284pt too wide) detected at line 24
\OT1/ptm/m/n/12 Figure 7.7: 
 []


Overfull \hbox (24.92284pt too wide) detected at line 25
\OT1/ptm/m/n/12 Figure 7.8: 
 []


Overfull \hbox (24.92284pt too wide) detected at line 26
\OT1/ptm/m/n/12 Figure 7.9: 
 []


Overfull \hbox (30.92284pt too wide) detected at line 27
\OT1/ptm/m/n/12 Figure 7.10: 
 []


Overfull \hbox (30.92284pt too wide) detected at line 28
\OT1/ptm/m/n/12 Figure 7.11: 
 []



[6]
Overfull \hbox (30.92284pt too wide) detected at line 29
\OT1/ptm/m/n/12 Figure 7.12: 
 []


Overfull \hbox (30.92284pt too wide) detected at line 30
\OT1/ptm/m/n/12 Figure 7.13: 
 []


Overfull \hbox (30.92284pt too wide) detected at line 31
\OT1/ptm/m/n/12 Figure 7.14: 
 []


Overfull \hbox (30.92284pt too wide) detected at line 32
\OT1/ptm/m/n/12 Figure 7.15: 
 []


Overfull \hbox (30.92284pt too wide) detected at line 33
\OT1/ptm/m/n/12 Figure 7.16: 
 []

)
\tf@lof=\write6
\openout6 = `main.lof'.



[7]
\openout2 = `ListofAbbreviations.aux'.

 (ListofAbbreviations.tex)

[8


]
\openout2 = `Introduction.aux'.

 (Introduction.tex
Chapter 1.
LaTeX Font Info:    Trying to load font information for TS1+ptm on input line 15.
(C:\Program Files\MiKTeX\tex/latex/psnfss\ts1ptm.fd
File: ts1ptm.fd 2001/06/04 font definitions for TS1/ptm.
)

[1




])

[2]

[3]
\openout2 = `RelatedTheory.aux'.

 (RelatedTheory.tex
Chapter 2.
<Graphics/mvvm_architecture.png, id=467, 563.10374pt x 540.0175pt>
File: Graphics/mvvm_architecture.png Graphic file (type png)
<use Graphics/mvvm_architecture.png>
Package pdftex.def Info: Graphics/mvvm_architecture.png  used on input line 11.
(pdftex.def)             Requested size: 333.46777pt x 319.79411pt.


[4




]

[5 <./Graphics/mvvm_architecture.png>])

[6]
\openout2 = `LiteratureReview.aux'.

 (LiteratureReview.tex
Chapter 3.
)

[7




]
\openout2 = `Methodology.aux'.

 (Methodology.tex
Chapter 4.


[8




]

[9]

[10])

[11]
\openout2 = `SystemDesign.aux'.

 (SystemDesign.tex
Chapter 5.
<Graphics/usecase_diagarm.png, id=511, 692.5875pt x 1263.72125pt>
File: Graphics/usecase_diagarm.png Graphic file (type png)
<use Graphics/usecase_diagarm.png>
Package pdftex.def Info: Graphics/usecase_diagarm.png  used on input line 11.
(pdftex.def)             Requested size: 333.46777pt x 608.46904pt.


[12




]
<Graphics/class_diagram.png, id=516, 1434.35875pt x 722.7pt>
File: Graphics/class_diagram.png Graphic file (type png)
<use Graphics/class_diagram.png>
Package pdftex.def Info: Graphics/class_diagram.png  used on input line 21.
(pdftex.def)             Requested size: 333.46777pt x 168.01498pt.


[13 <./Graphics/usecase_diagarm.png>]
<Graphics/sequence_Diagram_Case_1Admin_adds_User.drawio.png, id=522, 746.79pt x 459.7175pt>
File: Graphics/sequence_Diagram_Case_1Admin_adds_User.drawio.png Graphic file (type png)
<use Graphics/sequence_Diagram_Case_1Admin_adds_User.drawio.png>
Package pdftex.def Info: Graphics/sequence_Diagram_Case_1Admin_adds_User.drawio.png  used on input line 32.
(pdftex.def)             Requested size: 333.46777pt x 205.27861pt.
<Graphics/sequence_diagram_Admin_Deletes_User.drawio.png, id=523, 659.46375pt x 459.7175pt>
File: Graphics/sequence_diagram_Admin_Deletes_User.drawio.png Graphic file (type png)
<use Graphics/sequence_diagram_Admin_Deletes_User.drawio.png>
Package pdftex.def Info: Graphics/sequence_diagram_Admin_Deletes_User.drawio.png  used on input line 33.
(pdftex.def)             Requested size: 333.46777pt x 232.46765pt.


[14 <./Graphics/class_diagram.png>]
<Graphics/Sequence_Diagram_Teacher_Takes_Attendance.png, id=529, 862.22125pt x 739.76375pt>
File: Graphics/Sequence_Diagram_Teacher_Takes_Attendance.png Graphic file (type png)
<use Graphics/Sequence_Diagram_Teacher_Takes_Attendance.png>
Package pdftex.def Info: Graphics/Sequence_Diagram_Teacher_Takes_Attendance.png  used on input line 41.
(pdftex.def)             Requested size: 333.46777pt x 286.10237pt.


[15 <./Graphics/sequence_Diagram_Case_1Admin_adds_User.drawio.png> <./Graphics/sequence_diagram_Admin_Deletes_User.drawio.png>]
<Graphics/seq_dig_for_viewing_marks_and_attendance.jpg, id=536, 650.43pt x 683.55376pt>
File: Graphics/seq_dig_for_viewing_marks_and_attendance.jpg Graphic file (type jpg)
<use Graphics/seq_dig_for_viewing_marks_and_attendance.jpg>
Package pdftex.def Info: Graphics/seq_dig_for_viewing_marks_and_attendance.jpg  used on input line 49.
(pdftex.def)             Requested size: 333.46777pt x 350.45395pt.


[16 <./Graphics/Sequence_Diagram_Teacher_Takes_Attendance.png>]
<Graphics/activity_diagram_teacher_login.jpg, id=543, 350.30875pt x 412.54124pt>
File: Graphics/activity_diagram_teacher_login.jpg Graphic file (type jpg)
<use Graphics/activity_diagram_teacher_login.jpg>
Package pdftex.def Info: Graphics/activity_diagram_teacher_login.jpg  used on input line 60.
(pdftex.def)             Requested size: 333.46777pt x 392.73659pt.


[17 <./Graphics/seq_dig_for_viewing_marks_and_attendance.jpg>]
<Graphics/Activity_Diagram_teacher_takes_attendance.png, id=548, 608.2725pt x 710.655pt>
File: Graphics/Activity_Diagram_teacher_takes_attendance.png Graphic file (type png)
<use Graphics/Activity_Diagram_teacher_takes_attendance.png>
Package pdftex.def Info: Graphics/Activity_Diagram_teacher_takes_attendance.png  used on input line 68.
(pdftex.def)             Requested size: 333.46777pt x 389.60358pt.


[18 <./Graphics/activity_diagram_teacher_login.jpg>]
<Graphics/viewresult.jpg, id=553, 376.40625pt x 465.74pt>
File: Graphics/viewresult.jpg Graphic file (type jpg)
<use Graphics/viewresult.jpg>
Package pdftex.def Info: Graphics/viewresult.jpg  used on input line 76.
(pdftex.def)             Requested size: 333.46777pt x 412.63826pt.


[19 <./Graphics/Activity_Diagram_teacher_takes_attendance.png>]
<Graphics/component_diagram.png, id=559, 502.87875pt x 491.58656pt>
File: Graphics/component_diagram.png Graphic file (type png)
<use Graphics/component_diagram.png>
Package pdftex.def Info: Graphics/component_diagram.png  used on input line 86.
(pdftex.def)             Requested size: 333.46777pt x 325.97833pt.
)

[20 <./Graphics/viewresult.jpg>]

[21 <./Graphics/component_diagram.png>]
\openout2 = `TechnologiesUsed.aux'.

 (TechnologiesUsed.tex
Chapter 6.


[22




])

[23]
\openout2 = `Output.aux'.

 (Output.tex
Chapter 7.


[24




]
<Graphics/output/login_page.jpg, id=591, 542.025pt x 1174.3875pt>
File: Graphics/output/login_page.jpg Graphic file (type jpg)
<use Graphics/output/login_page.jpg>
Package pdftex.def Info: Graphics/output/login_page.jpg  used on input line 26.
(pdftex.def)             Requested size: 208.41656pt x 451.5582pt.


[25]
<Graphics/output/teacher_dashboard.jpg, id=596, 542.025pt x 1174.3875pt>
File: Graphics/output/teacher_dashboard.jpg Graphic file (type jpg)
<use Graphics/output/teacher_dashboard.jpg>
Package pdftex.def Info: Graphics/output/teacher_dashboard.jpg  used on input line 35.
(pdftex.def)             Requested size: 208.41656pt x 451.5582pt.


[26 <./Graphics/output/login_page.jpg>]
<Graphics/output/teacher_subjects.jpg, id=601, 542.025pt x 1174.3875pt>
File: Graphics/output/teacher_subjects.jpg Graphic file (type jpg)
<use Graphics/output/teacher_subjects.jpg>
Package pdftex.def Info: Graphics/output/teacher_subjects.jpg  used on input line 42.
(pdftex.def)             Requested size: 208.41656pt x 451.5582pt.


[27 <./Graphics/output/teacher_dashboard.jpg>]
<Graphics/output/teacher_add_subject.jpg, id=606, 542.025pt x 1174.3875pt>
File: Graphics/output/teacher_add_subject.jpg Graphic file (type jpg)
<use Graphics/output/teacher_add_subject.jpg>
Package pdftex.def Info: Graphics/output/teacher_add_subject.jpg  used on input line 49.
(pdftex.def)             Requested size: 208.41656pt x 451.5582pt.


[28 <./Graphics/output/teacher_subjects.jpg>]
<Graphics/output/teacher_take_attendance.jpg, id=612, 542.025pt x 1174.3875pt>
File: Graphics/output/teacher_take_attendance.jpg Graphic file (type jpg)
<use Graphics/output/teacher_take_attendance.jpg>
Package pdftex.def Info: Graphics/output/teacher_take_attendance.jpg  used on input line 56.
(pdftex.def)             Requested size: 208.41656pt x 451.5582pt.


[29 <./Graphics/output/teacher_add_subject.jpg>]
<Graphics/output/teacher_show_attendance.jpg, id=617, 542.025pt x 1174.3875pt>
File: Graphics/output/teacher_show_attendance.jpg Graphic file (type jpg)
<use Graphics/output/teacher_show_attendance.jpg>
Package pdftex.def Info: Graphics/output/teacher_show_attendance.jpg  used on input line 63.
(pdftex.def)             Requested size: 208.41656pt x 451.5582pt.


[30 <./Graphics/output/teacher_take_attendance.jpg>]
<Graphics/output/teacher_add_marks.jpg, id=622, 542.025pt x 1174.3875pt>
File: Graphics/output/teacher_add_marks.jpg Graphic file (type jpg)
<use Graphics/output/teacher_add_marks.jpg>
Package pdftex.def Info: Graphics/output/teacher_add_marks.jpg  used on input line 70.
(pdftex.def)             Requested size: 208.41656pt x 451.5582pt.


[31 <./Graphics/output/teacher_show_attendance.jpg>]
<Graphics/output/teacher_show_marks.jpg, id=627, 1084.05pt x 2348.775pt>
File: Graphics/output/teacher_show_marks.jpg Graphic file (type jpg)
<use Graphics/output/teacher_show_marks.jpg>
Package pdftex.def Info: Graphics/output/teacher_show_marks.jpg  used on input line 77.
(pdftex.def)             Requested size: 208.41656pt x 451.54028pt.


[32 <./Graphics/output/teacher_add_marks.jpg>]
<Graphics/output/teacher_add_notice.jpg, id=632, 542.025pt x 1174.3875pt>
File: Graphics/output/teacher_add_notice.jpg Graphic file (type jpg)
<use Graphics/output/teacher_add_notice.jpg>
Package pdftex.def Info: Graphics/output/teacher_add_notice.jpg  used on input line 84.
(pdftex.def)             Requested size: 208.41656pt x 451.5582pt.


[33 <./Graphics/output/teacher_show_marks.jpg>]
<Graphics/output/teacher_add_notes.jpg, id=637, 542.025pt x 1174.3875pt>
File: Graphics/output/teacher_add_notes.jpg Graphic file (type jpg)
<use Graphics/output/teacher_add_notes.jpg>
Package pdftex.def Info: Graphics/output/teacher_add_notes.jpg  used on input line 91.
(pdftex.def)             Requested size: 208.41656pt x 451.5582pt.


[34 <./Graphics/output/teacher_add_notice.jpg>]
<Graphics/output/student_dashboard.jpg, id=643, 542.025pt x 1174.3875pt>
File: Graphics/output/student_dashboard.jpg Graphic file (type jpg)
<use Graphics/output/student_dashboard.jpg>
Package pdftex.def Info: Graphics/output/student_dashboard.jpg  used on input line 100.
(pdftex.def)             Requested size: 208.41656pt x 451.5582pt.


[35 <./Graphics/output/teacher_add_notes.jpg>]
<Graphics/output/student_attendance.jpg, id=648, 542.025pt x 1174.3875pt>
File: Graphics/output/student_attendance.jpg Graphic file (type jpg)
<use Graphics/output/student_attendance.jpg>
Package pdftex.def Info: Graphics/output/student_attendance.jpg  used on input line 107.
(pdftex.def)             Requested size: 208.41656pt x 451.5582pt.


[36 <./Graphics/output/student_dashboard.jpg>]
<Graphics/output/student_marks.jpg, id=653, 542.025pt x 1174.3875pt>
File: Graphics/output/student_marks.jpg Graphic file (type jpg)
<use Graphics/output/student_marks.jpg>
Package pdftex.def Info: Graphics/output/student_marks.jpg  used on input line 114.
(pdftex.def)             Requested size: 208.41656pt x 451.5582pt.


[37 <./Graphics/output/student_attendance.jpg>]
<Graphics/output/student_notices.jpg, id=658, 542.025pt x 1174.3875pt>
File: Graphics/output/student_notices.jpg Graphic file (type jpg)
<use Graphics/output/student_notices.jpg>
Package pdftex.def Info: Graphics/output/student_notices.jpg  used on input line 121.
(pdftex.def)             Requested size: 208.41656pt x 451.5582pt.


[38 <./Graphics/output/student_marks.jpg>]
<Graphics/output/student_notes.jpg, id=663, 542.025pt x 1174.3875pt>
File: Graphics/output/student_notes.jpg Graphic file (type jpg)
<use Graphics/output/student_notes.jpg>
Package pdftex.def Info: Graphics/output/student_notes.jpg  used on input line 128.
(pdftex.def)             Requested size: 208.41656pt x 451.5582pt.


[39 <./Graphics/output/student_notices.jpg>]
<Graphics/output/student_view_teachers.jpg, id=668, 542.025pt x 1174.3875pt>
File: Graphics/output/student_view_teachers.jpg Graphic file (type jpg)
<use Graphics/output/student_view_teachers.jpg>
Package pdftex.def Info: Graphics/output/student_view_teachers.jpg  used on input line 135.
(pdftex.def)             Requested size: 208.41656pt x 451.5582pt.


[40 <./Graphics/output/student_notes.jpg>])

[41 <./Graphics/output/student_view_teachers.jpg>]
\openout2 = `Conclusion.aux'.

 (Conclusion.tex
Chapter 8.
)

[42




]
\openout2 = `References.aux'.

 (References.tex (main.bbl
Underfull \hbox (badness 10000) in paragraph at lines 31--34
[]\OT1/ptm/m/n/12 M. Fowler, ``Pre-sen-ta-tion model,'' [][]$https : / / martinfowler . com / eaaDev /
 []


Underfull \hbox (badness 7468) in paragraph at lines 47--50
\OT1/ptm/m/n/12 apps / details ? id = com . gatewaysoft . kathmanduuniversity & hl = en-[]US & pli = 1$[][], 2025,
 []

))

[43




] (main.aux (CoverPage.aux) (Acknowledgement.aux) (Abstract.aux) (ListofAbbreviations.aux) (Introduction.aux) (RelatedTheory.aux) (LiteratureReview.aux) (Methodology.aux) (SystemDesign.aux) (TechnologiesUsed.aux) (Output.aux) (Conclusion.aux) (References.aux))
 ***********
LaTeX2e <2024-11-01> patch level 1
L3 programming layer <2024-11-02>
 ***********
Package rerunfilecheck Info: File `main.out' has not changed.
(rerunfilecheck)             Checksum: F5DC6D960DA423137C7A1D0D0FE28ACA;11583.
 ) 
Here is how much of TeX's memory you used:
 23981 strings out of 473649
 445132 string characters out of 5727938
 809418 words of memory out of 5000000
 46458 multiletter control sequences out of 15000+600000
 577155 words of font info for 74 fonts, out of 8000000 for 9000
 1141 hyphenation exceptions out of 8191
 84i,6n,93p,1233b,506s stack positions out of 10000i,1000n,20000p,200000b,200000s
<C:/Program Files/MiKTeX/fonts/type1/urw/times/utmb8a.pfb><C:/Program Files/MiKTeX/fonts/type1/urw/times/utmr8a.pfb><C:/Program Files/MiKTeX/fonts/type1/urw/times/utmri8a.pfb>
Output written on main.pdf (52 pages, 2159601 bytes).
PDF statistics:
 749 PDF objects out of 1000 (max. 8388607)
 157 named destinations out of 1000 (max. 500000)
 721 words of extra memory for PDF output out of 10000 (max. 10000000)

